components/chat.tsx(162,5): error TS2339: Property 'reload' does not exist on type 'UseChatHelpers<ChatMessage>'.
components/message.tsx(77,28): error TS2339: Property 'content' does not exist on type 'ChatMessage'.
components/message.tsx(84,27): error TS2339: Property 'content' does not exist on type 'ChatMessage'.
components/message.tsx(108,55): error TS2339: Property 'content' does not exist on type 'ChatMessage'.
components/message.tsx(123,108): error TS2339: Property 'content' does not exist on type 'ChatMessage'.
components/message.tsx(202,52): error TS2304: Cannot find name 'toolCallId'.
components/message.tsx(210,52): error TS2304: Cannot find name 'toolCallId'.
components/message.tsx(228,52): error TS2304: Cannot find name 'toolCallId'.
components/message.tsx(240,50): error TS2304: Cannot find name 'toolCallId'.
components/message.tsx(335,47): error TS2304: Cannot find name 'toolCallId'.
components/message.tsx(345,38): error TS18048: 'part.output' is possibly 'undefined'.
components/message.tsx(352,31): error TS2322: Type '{ id: string; title: string; kind: "text" | "code" | "image" | "sheet"; message: string; error?: undefined; } | undefined' is not assignable to type '{ id: string; title: string; kind: "text" | "code" | "image" | "sheet"; }'.
  Type 'undefined' is not assignable to type '{ id: string; title: string; kind: "text" | "code" | "image" | "sheet"; }'.
components/settings-modal.tsx(454,53): error TS2304: Cannot find name 'toast'.
components/settings-modal.tsx(456,53): error TS2304: Cannot find name 'toast'.
components/settings-modal.tsx(459,49): error TS2304: Cannot find name 'toast'.
hooks/use-auto-resume.ts(11,39): error TS2339: Property 'reload' does not exist on type 'UseChatHelpers<ChatMessage>'.
lib/ai/models.test.ts(11,3): error TS2322: Type '() => Promise<{ finishReason: string; usage: { inputTokens: { total: number; noCache: number; cacheRead: number; cacheWrite: number; }; outputTokens: { total: number; text: number; reasoning: number; }; }; content: { ...; }[]; warnings: never[]; }>' is not assignable to type '((options: LanguageModelV3CallOptions) => PromiseLike<LanguageModelV3GenerateResult>) | LanguageModelV3GenerateResult | LanguageModelV3GenerateResult[] | undefined'.
  Type '() => Promise<{ finishReason: string; usage: { inputTokens: { total: number; noCache: number; cacheRead: number; cacheWrite: number; }; outputTokens: { total: number; text: number; reasoning: number; }; }; content: { ...; }[]; warnings: never[]; }>' is not assignable to type '(options: LanguageModelV3CallOptions) => PromiseLike<LanguageModelV3GenerateResult>'.
    Call signature return types 'Promise<{ finishReason: string; usage: { inputTokens: { total: number; noCache: number; cacheRead: number; cacheWrite: number; }; outputTokens: { total: number; text: number; reasoning: number; }; }; content: { ...; }[]; warnings: never[]; }>' and 'PromiseLike<LanguageModelV3GenerateResult>' are incompatible.
      The types of 'then' are incompatible between these types.
        Type '<TResult1 = { finishReason: string; usage: { inputTokens: { total: number; noCache: number; cacheRead: number; cacheWrite: number; }; outputTokens: { total: number; text: number; reasoning: number; }; }; content: { ...; }[]; warnings: never[]; }, TResult2 = never>(onfulfilled?: ((value: { ...; }) => TResult1 | Promi...' is not assignable to type '<TResult1 = LanguageModelV3GenerateResult, TResult2 = never>(onfulfilled?: ((value: LanguageModelV3GenerateResult) => TResult1 | PromiseLike<...>) | null | undefined, onrejected?: ((reason: any) => TResult2 | PromiseLike<...>) | ... 1 more ... | undefined) => PromiseLike<...>'.
          Types of parameters 'onfulfilled' and 'onfulfilled' are incompatible.
            Types of parameters 'value' and 'value' are incompatible.
              Type '{ finishReason: string; usage: { inputTokens: { total: number; noCache: number; cacheRead: number; cacheWrite: number; }; outputTokens: { total: number; text: number; reasoning: number; }; }; content: { ...; }[]; warnings: never[]; }' is not assignable to type 'LanguageModelV3GenerateResult'.
                Types of property 'finishReason' are incompatible.
                  Type 'string' is not assignable to type 'LanguageModelV3FinishReason'.
lib/ai/models.test.ts(27,3): error TS2322: Type '() => Promise<{ finishReason: string; usage: { inputTokens: { total: number; noCache: number; cacheRead: number; cacheWrite: number; }; outputTokens: { total: number; text: number; reasoning: number; }; }; content: { ...; }[]; warnings: never[]; }>' is not assignable to type '((options: LanguageModelV3CallOptions) => PromiseLike<LanguageModelV3GenerateResult>) | LanguageModelV3GenerateResult | LanguageModelV3GenerateResult[] | undefined'.
  Type '() => Promise<{ finishReason: string; usage: { inputTokens: { total: number; noCache: number; cacheRead: number; cacheWrite: number; }; outputTokens: { total: number; text: number; reasoning: number; }; }; content: { ...; }[]; warnings: never[]; }>' is not assignable to type '(options: LanguageModelV3CallOptions) => PromiseLike<LanguageModelV3GenerateResult>'.
    Call signature return types 'Promise<{ finishReason: string; usage: { inputTokens: { total: number; noCache: number; cacheRead: number; cacheWrite: number; }; outputTokens: { total: number; text: number; reasoning: number; }; }; content: { ...; }[]; warnings: never[]; }>' and 'PromiseLike<LanguageModelV3GenerateResult>' are incompatible.
      The types of 'then' are incompatible between these types.
        Type '<TResult1 = { finishReason: string; usage: { inputTokens: { total: number; noCache: number; cacheRead: number; cacheWrite: number; }; outputTokens: { total: number; text: number; reasoning: number; }; }; content: { ...; }[]; warnings: never[]; }, TResult2 = never>(onfulfilled?: ((value: { ...; }) => TResult1 | Promi...' is not assignable to type '<TResult1 = LanguageModelV3GenerateResult, TResult2 = never>(onfulfilled?: ((value: LanguageModelV3GenerateResult) => TResult1 | PromiseLike<...>) | null | undefined, onrejected?: ((reason: any) => TResult2 | PromiseLike<...>) | ... 1 more ... | undefined) => PromiseLike<...>'.
          Types of parameters 'onfulfilled' and 'onfulfilled' are incompatible.
            Types of parameters 'value' and 'value' are incompatible.
              Type '{ finishReason: string; usage: { inputTokens: { total: number; noCache: number; cacheRead: number; cacheWrite: number; }; outputTokens: { total: number; text: number; reasoning: number; }; }; content: { ...; }[]; warnings: never[]; }' is not assignable to type 'LanguageModelV3GenerateResult'.
                Types of property 'finishReason' are incompatible.
                  Type 'string' is not assignable to type 'LanguageModelV3FinishReason'.
lib/ai/models.test.ts(43,3): error TS2322: Type '() => Promise<{ finishReason: string; usage: { inputTokens: { total: number; noCache: number; cacheRead: number; cacheWrite: number; }; outputTokens: { total: number; text: number; reasoning: number; }; }; content: { ...; }[]; warnings: never[]; }>' is not assignable to type '((options: LanguageModelV3CallOptions) => PromiseLike<LanguageModelV3GenerateResult>) | LanguageModelV3GenerateResult | LanguageModelV3GenerateResult[] | undefined'.
  Type '() => Promise<{ finishReason: string; usage: { inputTokens: { total: number; noCache: number; cacheRead: number; cacheWrite: number; }; outputTokens: { total: number; text: number; reasoning: number; }; }; content: { ...; }[]; warnings: never[]; }>' is not assignable to type '(options: LanguageModelV3CallOptions) => PromiseLike<LanguageModelV3GenerateResult>'.
    Call signature return types 'Promise<{ finishReason: string; usage: { inputTokens: { total: number; noCache: number; cacheRead: number; cacheWrite: number; }; outputTokens: { total: number; text: number; reasoning: number; }; }; content: { ...; }[]; warnings: never[]; }>' and 'PromiseLike<LanguageModelV3GenerateResult>' are incompatible.
      The types of 'then' are incompatible between these types.
        Type '<TResult1 = { finishReason: string; usage: { inputTokens: { total: number; noCache: number; cacheRead: number; cacheWrite: number; }; outputTokens: { total: number; text: number; reasoning: number; }; }; content: { ...; }[]; warnings: never[]; }, TResult2 = never>(onfulfilled?: ((value: { ...; }) => TResult1 | Promi...' is not assignable to type '<TResult1 = LanguageModelV3GenerateResult, TResult2 = never>(onfulfilled?: ((value: LanguageModelV3GenerateResult) => TResult1 | PromiseLike<...>) | null | undefined, onrejected?: ((reason: any) => TResult2 | PromiseLike<...>) | ... 1 more ... | undefined) => PromiseLike<...>'.
          Types of parameters 'onfulfilled' and 'onfulfilled' are incompatible.
            Types of parameters 'value' and 'value' are incompatible.
              Type '{ finishReason: string; usage: { inputTokens: { total: number; noCache: number; cacheRead: number; cacheWrite: number; }; outputTokens: { total: number; text: number; reasoning: number; }; }; content: { ...; }[]; warnings: never[]; }' is not assignable to type 'LanguageModelV3GenerateResult'.
                Types of property 'finishReason' are incompatible.
                  Type 'string' is not assignable to type 'LanguageModelV3FinishReason'.
lib/ai/models.test.ts(49,3): error TS2322: Type '() => Promise<{ stream: ReadableStream<{ id: string; type: "text-start"; delta?: undefined; finishReason?: undefined; usage?: undefined; } | { id: string; type: "text-delta"; delta: string; finishReason?: undefined; usage?: undefined; } | { ...; } | { ...; }>; }>' is not assignable to type '((options: LanguageModelV3CallOptions) => PromiseLike<LanguageModelV3StreamResult>) | LanguageModelV3StreamResult | LanguageModelV3StreamResult[] | undefined'.
  Type '() => Promise<{ stream: ReadableStream<{ id: string; type: "text-start"; delta?: undefined; finishReason?: undefined; usage?: undefined; } | { id: string; type: "text-delta"; delta: string; finishReason?: undefined; usage?: undefined; } | { ...; } | { ...; }>; }>' is not assignable to type '(options: LanguageModelV3CallOptions) => PromiseLike<LanguageModelV3StreamResult>'.
    Call signature return types 'Promise<{ stream: ReadableStream<{ id: string; type: "text-start"; delta?: undefined; finishReason?: undefined; usage?: undefined; } | { id: string; type: "text-delta"; delta: string; finishReason?: undefined; usage?: undefined; } | { ...; } | { ...; }>; }>' and 'PromiseLike<LanguageModelV3StreamResult>' are incompatible.
      The types of 'then' are incompatible between these types.
        Type '<TResult1 = { stream: ReadableStream<{ id: string; type: "text-start"; delta?: undefined; finishReason?: undefined; usage?: undefined; } | { id: string; type: "text-delta"; delta: string; finishReason?: undefined; usage?: undefined; } | { ...; } | { ...; }>; }, TResult2 = never>(onfulfilled?: ((value: { ...; }) => T...' is not assignable to type '<TResult1 = LanguageModelV3StreamResult, TResult2 = never>(onfulfilled?: ((value: LanguageModelV3StreamResult) => TResult1 | PromiseLike<TResult1>) | null | undefined, onrejected?: ((reason: any) => TResult2 | PromiseLike<...>) | ... 1 more ... | undefined) => PromiseLike<...>'.
          Types of parameters 'onfulfilled' and 'onfulfilled' are incompatible.
            Types of parameters 'value' and 'value' are incompatible.
              Type '{ stream: ReadableStream<{ id: string; type: "text-start"; delta?: undefined; finishReason?: undefined; usage?: undefined; } | { id: string; type: "text-delta"; delta: string; finishReason?: undefined; usage?: undefined; } | { ...; } | { ...; }>; }' is not assignable to type 'LanguageModelV3StreamResult'.
                Types of property 'stream' are incompatible.
                  Type 'ReadableStream<{ id: string; type: "text-start"; delta?: undefined; finishReason?: undefined; usage?: undefined; } | { id: string; type: "text-delta"; delta: string; finishReason?: undefined; usage?: undefined; } | { ...; } | { ...; }>' is not assignable to type 'ReadableStream<LanguageModelV3StreamPart>'.
                    Type '{ id: string; type: "text-start"; delta?: undefined; finishReason?: undefined; usage?: undefined; } | { id: string; type: "text-delta"; delta: string; finishReason?: undefined; usage?: undefined; } | { ...; } | { ...; }' is not assignable to type 'LanguageModelV3StreamPart'.
                      Type '{ type: "finish"; finishReason: string; usage: { inputTokens: { total: number; noCache: number; cacheRead: number; cacheWrite: number; }; outputTokens: { total: number; text: number; reasoning: number; }; }; id?: undefined; delta?: undefined; }' is not assignable to type 'LanguageModelV3StreamPart'.
                        Type '{ type: "finish"; finishReason: string; usage: { inputTokens: { total: number; noCache: number; cacheRead: number; cacheWrite: number; }; outputTokens: { total: number; text: number; reasoning: number; }; }; id?: undefined; delta?: undefined; }' is not assignable to type '{ type: "finish"; usage: LanguageModelV3Usage; finishReason: LanguageModelV3FinishReason; providerMetadata?: SharedV3ProviderMetadata | undefined; }'.
                          Types of property 'finishReason' are incompatible.
                            Type 'string' is not assignable to type 'LanguageModelV3FinishReason'.
lib/ai/models.test.ts(68,3): error TS2322: Type '() => Promise<{ finishReason: string; usage: { inputTokens: { total: number; noCache: number; cacheRead: number; cacheWrite: number; }; outputTokens: { total: number; text: number; reasoning: number; }; }; content: { ...; }[]; warnings: never[]; }>' is not assignable to type '((options: LanguageModelV3CallOptions) => PromiseLike<LanguageModelV3GenerateResult>) | LanguageModelV3GenerateResult | LanguageModelV3GenerateResult[] | undefined'.
  Type '() => Promise<{ finishReason: string; usage: { inputTokens: { total: number; noCache: number; cacheRead: number; cacheWrite: number; }; outputTokens: { total: number; text: number; reasoning: number; }; }; content: { ...; }[]; warnings: never[]; }>' is not assignable to type '(options: LanguageModelV3CallOptions) => PromiseLike<LanguageModelV3GenerateResult>'.
    Call signature return types 'Promise<{ finishReason: string; usage: { inputTokens: { total: number; noCache: number; cacheRead: number; cacheWrite: number; }; outputTokens: { total: number; text: number; reasoning: number; }; }; content: { ...; }[]; warnings: never[]; }>' and 'PromiseLike<LanguageModelV3GenerateResult>' are incompatible.
      The types of 'then' are incompatible between these types.
        Type '<TResult1 = { finishReason: string; usage: { inputTokens: { total: number; noCache: number; cacheRead: number; cacheWrite: number; }; outputTokens: { total: number; text: number; reasoning: number; }; }; content: { ...; }[]; warnings: never[]; }, TResult2 = never>(onfulfilled?: ((value: { ...; }) => TResult1 | Promi...' is not assignable to type '<TResult1 = LanguageModelV3GenerateResult, TResult2 = never>(onfulfilled?: ((value: LanguageModelV3GenerateResult) => TResult1 | PromiseLike<...>) | null | undefined, onrejected?: ((reason: any) => TResult2 | PromiseLike<...>) | ... 1 more ... | undefined) => PromiseLike<...>'.
          Types of parameters 'onfulfilled' and 'onfulfilled' are incompatible.
            Types of parameters 'value' and 'value' are incompatible.
              Type '{ finishReason: string; usage: { inputTokens: { total: number; noCache: number; cacheRead: number; cacheWrite: number; }; outputTokens: { total: number; text: number; reasoning: number; }; }; content: { ...; }[]; warnings: never[]; }' is not assignable to type 'LanguageModelV3GenerateResult'.
                Types of property 'finishReason' are incompatible.
                  Type 'string' is not assignable to type 'LanguageModelV3FinishReason'.
